<?xml version="1.0" encoding="UTF-8"?>
<testsuite xmlns:xsi="http://www.w3.org/2001/XMLSchema-instance" xsi:schemaLocation="https://maven.apache.org/surefire/maven-surefire-plugin/xsd/surefire-test-report.xsd" name="runner.TestRunner" time="88.569" tests="5" errors="0" skipped="0" failures="0">
  <properties>
[...]
</properties>
  <testcase name="Given User opens browser" classname="Scenario: Validate free crm home page test1" time="0.002"/>
  <testcase name="Then user on home page" classname="Scenario: Validate free crm home page test1" time="0"/>
  <testcase name="Then user log in" classname="Scenario: Validate free crm home page test1" time="0"/>
  <testcase name="Then user log out" classname="Scenario: Validate free crm home page test1" time="0"/>
  <testcase name="Scenario: Validate free crm home page test1" classname="Scenario: Validate free crm home page test1" time="15.612"/>
</testsuite>